[debug] [2022-09-19T16:12:02.762Z] ----------------------------------------------------------------------
[debug] [2022-09-19T16:12:02.764Z] Command:       C:\Program Files\nodejs\node.exe C:\Users\Andi\AppData\Roaming\npm\node_modules\firebase-tools\lib\bin\firebase.js emulators:start
[debug] [2022-09-19T16:12:02.765Z] CLI Version:   11.9.0
[debug] [2022-09-19T16:12:02.765Z] Platform:      win32
[debug] [2022-09-19T16:12:02.765Z] Node Version:  v16.15.1
[debug] [2022-09-19T16:12:02.772Z] Time:          Mon Sep 19 2022 19:12:02 GMT+0300 (Eastern European Summer Time)
[debug] [2022-09-19T16:12:02.773Z] ----------------------------------------------------------------------
[debug] 
[debug] [2022-09-19T16:12:02.875Z] > command requires scopes: ["email","openid","https://www.googleapis.com/auth/cloudplatformprojects.readonly","https://www.googleapis.com/auth/firebase","https://www.googleapis.com/auth/cloud-platform"]
[debug] [2022-09-19T16:12:02.876Z] > authorizing via signed-in user (andisurdu23@gmail.com)
[debug] [2022-09-19T16:12:03.104Z] java version "16.0.1" 2021-04-20
Java(TM) SE Runtime Environment (build 16.0.1+9-24)
Java HotSpot(TM) 64-Bit Server VM (build 16.0.1+9-24, mixed mode, sharing)

[debug] [2022-09-19T16:12:03.134Z] Parsed Java major version: 16
[info] i  emulators: Starting emulators: functions, firestore, database {"metadata":{"emulator":{"name":"hub"},"message":"Starting emulators: functions, firestore, database"}}
[debug] [2022-09-19T16:12:03.157Z] [hub] writing locator at C:\Users\Andi\AppData\Local\Temp\hub-awesomeproject-99390.json
[warn] !  functions: The following emulators are not running, calls to these services from the Functions emulator will affect production: auth, hosting, pubsub, storage, eventarc {"metadata":{"emulator":{"name":"functions"},"message":"The following emulators are not running, calls to these services from the Functions emulator will affect production: \u001b[1mauth, hosting, pubsub, storage, eventarc\u001b[22m"}}
[info] +  functions: Using node@16 from host. {"metadata":{"emulator":{"name":"functions"},"message":"Using node@16 from host."}}
[debug] [2022-09-19T16:12:03.211Z] defaultcredentials: writing to file C:\Users\Andi\AppData\Roaming\firebase\andisurdu23_gmail_com_application_default_credentials.json
[debug] [2022-09-19T16:12:03.218Z] Setting GAC to C:\Users\Andi\AppData\Roaming\firebase\andisurdu23_gmail_com_application_default_credentials.json {"metadata":{"emulator":{"name":"functions"},"message":"Setting GAC to C:\\Users\\Andi\\AppData\\Roaming\\firebase\\andisurdu23_gmail_com_application_default_credentials.json"}}
[debug] [2022-09-19T16:12:03.221Z] >>> [apiv2][query] GET https://firebase.googleapis.com/v1beta1/projects/awesomeproject-99390/adminSdkConfig [none]
[debug] [2022-09-19T16:12:03.667Z] <<< [apiv2][status] GET https://firebase.googleapis.com/v1beta1/projects/awesomeproject-99390/adminSdkConfig 200
[debug] [2022-09-19T16:12:03.667Z] <<< [apiv2][body] GET https://firebase.googleapis.com/v1beta1/projects/awesomeproject-99390/adminSdkConfig {"projectId":"awesomeproject-99390","storageBucket":"awesomeproject-99390.appspot.com","locationId":"europe-west"}
[warn] !  firestore: Did not find a Cloud Firestore rules file specified in a firebase.json config file. {"metadata":{"emulator":{"name":"firestore"},"message":"Did not find a Cloud Firestore rules file specified in a firebase.json config file."}}
[warn] !  firestore: The emulator will default to allowing all reads and writes. Learn more about this option: https://firebase.google.com/docs/emulator-suite/install_and_configure#security_rules_configuration. {"metadata":{"emulator":{"name":"firestore"},"message":"The emulator will default to allowing all reads and writes. Learn more about this option: https://firebase.google.com/docs/emulator-suite/install_and_configure#security_rules_configuration."}}
[debug] [2022-09-19T16:12:03.705Z] Ignoring unsupported arg: projectId {"metadata":{"emulator":{"name":"firestore"},"message":"Ignoring unsupported arg: projectId"}}
[debug] [2022-09-19T16:12:03.705Z] Ignoring unsupported arg: auto_download {"metadata":{"emulator":{"name":"firestore"},"message":"Ignoring unsupported arg: auto_download"}}
[debug] [2022-09-19T16:12:03.705Z] Starting Firestore Emulator with command {"binary":"java","args":["-Dgoogle.cloud_firestore.debug_log_level=FINE","-Duser.language=en","-jar","C:\\Users\\Andi\\.cache\\firebase\\emulators\\cloud-firestore-emulator-v1.14.4.jar","--host","localhost","--port",4000,"--functions_emulator","localhost:5001"],"optionalArgs":["port","webchannel_port","host","rules","functions_emulator","seed_from_export"],"joinArgs":false} {"metadata":{"emulator":{"name":"firestore"},"message":"Starting Firestore Emulator with command {\"binary\":\"java\",\"args\":[\"-Dgoogle.cloud_firestore.debug_log_level=FINE\",\"-Duser.language=en\",\"-jar\",\"C:\\\\Users\\\\Andi\\\\.cache\\\\firebase\\\\emulators\\\\cloud-firestore-emulator-v1.14.4.jar\",\"--host\",\"localhost\",\"--port\",4000,\"--functions_emulator\",\"localhost:5001\"],\"optionalArgs\":[\"port\",\"webchannel_port\",\"host\",\"rules\",\"functions_emulator\",\"seed_from_export\"],\"joinArgs\":false}"}}
[info] i  firestore: Firestore Emulator logging to firestore-debug.log {"metadata":{"emulator":{"name":"firestore"},"message":"Firestore Emulator logging to \u001b[1mfirestore-debug.log\u001b[22m"}}
[debug] [2022-09-19T16:12:06.005Z] >>> [apiv2][query] GET https://firebase.googleapis.com/v1beta1/projects/awesomeproject-99390 [none]
[debug] [2022-09-19T16:12:06.385Z] <<< [apiv2][status] GET https://firebase.googleapis.com/v1beta1/projects/awesomeproject-99390 200
[debug] [2022-09-19T16:12:06.386Z] <<< [apiv2][body] GET https://firebase.googleapis.com/v1beta1/projects/awesomeproject-99390 {"projectId":"awesomeproject-99390","projectNumber":"404671169241","displayName":"AwesomeProject","name":"projects/awesomeproject-99390","resources":{"hostingSite":"awesomeproject-99390","storageBucket":"awesomeproject-99390.appspot.com","locationId":"europe-west"},"state":"ACTIVE","etag":"1_01bfcaad-260f-417d-bbab-a4d618c31648"}
[debug] [2022-09-19T16:12:06.386Z] database rules config:  []
[warn] !  database: Did not find a Realtime Database rules file specified in a firebase.json config file. The emulator will default to allowing all reads and writes. Learn more about this option: https://firebase.google.com/docs/emulator-suite/install_and_configure#security_rules_configuration. {"metadata":{"emulator":{"name":"database"},"message":"Did not find a Realtime Database rules file specified in a firebase.json config file. The emulator will default to allowing all reads and writes. Learn more about this option: https://firebase.google.com/docs/emulator-suite/install_and_configure#security_rules_configuration."}}
[debug] [2022-09-19T16:12:06.392Z] Ignoring unsupported arg: projectId {"metadata":{"emulator":{"name":"database"},"message":"Ignoring unsupported arg: projectId"}}
[debug] [2022-09-19T16:12:06.392Z] Ignoring unsupported arg: auto_download {"metadata":{"emulator":{"name":"database"},"message":"Ignoring unsupported arg: auto_download"}}
[debug] [2022-09-19T16:12:06.392Z] Ignoring unsupported arg: rules {"metadata":{"emulator":{"name":"database"},"message":"Ignoring unsupported arg: rules"}}
[debug] [2022-09-19T16:12:06.393Z] Starting Database Emulator with command {"binary":"java","args":["-Duser.language=en","-jar","C:\\Users\\Andi\\.cache\\firebase\\emulators\\firebase-database-emulator-v4.8.0.jar","--host","localhost","--port",9000,"--functions_emulator_host","localhost","--functions_emulator_port",5001],"optionalArgs":["port","host","functions_emulator_port","functions_emulator_host"],"joinArgs":false} {"metadata":{"emulator":{"name":"database"},"message":"Starting Database Emulator with command {\"binary\":\"java\",\"args\":[\"-Duser.language=en\",\"-jar\",\"C:\\\\Users\\\\Andi\\\\.cache\\\\firebase\\\\emulators\\\\firebase-database-emulator-v4.8.0.jar\",\"--host\",\"localhost\",\"--port\",9000,\"--functions_emulator_host\",\"localhost\",\"--functions_emulator_port\",5001],\"optionalArgs\":[\"port\",\"host\",\"functions_emulator_port\",\"functions_emulator_host\"],\"joinArgs\":false}"}}
[info] i  database: Database Emulator logging to database-debug.log {"metadata":{"emulator":{"name":"database"},"message":"Database Emulator logging to \u001b[1mdatabase-debug.log\u001b[22m"}}
[warn] !  ui: Emulator UI unable to start on port 4000, starting on 4001 instead. {"metadata":{"emulator":{"name":"ui"},"message":"Emulator UI unable to start on port 4000, starting on 4001 instead."}}
[debug] [2022-09-19T16:12:09.056Z] Ignoring unsupported arg: auto_download {"metadata":{"emulator":{"name":"ui"},"message":"Ignoring unsupported arg: auto_download"}}
[debug] [2022-09-19T16:12:09.056Z] Ignoring unsupported arg: port {"metadata":{"emulator":{"name":"ui"},"message":"Ignoring unsupported arg: port"}}
[debug] [2022-09-19T16:12:09.056Z] Starting Emulator UI with command {"binary":"node","args":["C:\\Users\\Andi\\.cache\\firebase\\emulators\\ui-v1.9.0\\server\\server.js"],"optionalArgs":[],"joinArgs":false} {"metadata":{"emulator":{"name":"ui"},"message":"Starting Emulator UI with command {\"binary\":\"node\",\"args\":[\"C:\\\\Users\\\\Andi\\\\.cache\\\\firebase\\\\emulators\\\\ui-v1.9.0\\\\server\\\\server.js\"],\"optionalArgs\":[],\"joinArgs\":false}"}}
[info] i  ui: Emulator UI logging to ui-debug.log {"metadata":{"emulator":{"name":"ui"},"message":"Emulator UI logging to \u001b[1mui-debug.log\u001b[22m"}}
[debug] [2022-09-19T16:12:09.309Z] Web / API server started at localhost:4001
 {"metadata":{"emulator":{"name":"ui"},"message":"Web / API server started at localhost:4001\n"}}
[info] i  functions: Watching "C:\Users\Andi\Desktop\Programare\React Native\first-project\functions" for Cloud Functions... {"metadata":{"emulator":{"name":"functions"},"message":"Watching \"C:\\Users\\Andi\\Desktop\\Programare\\React Native\\first-project\\functions\" for Cloud Functions..."}}
[debug] [2022-09-19T16:12:09.344Z] Validating nodejs source
[warn] !  functions: package.json indicates an outdated version of firebase-functions. Please upgrade using npm install --save firebase-functions@latest in your functions directory. 
[debug] [2022-09-19T16:12:13.055Z] > [functions] package.json contents: {
  "name": "functions",
  "description": "Cloud Functions for Firebase",
  "scripts": {
    "lint": "eslint .",
    "serve": "firebase emulators:start --only functions",
    "shell": "firebase functions:shell",
    "start": "npm run shell",
    "deploy": "firebase deploy --only functions",
    "logs": "firebase functions:log"
  },
  "engines": {
    "node": "16"
  },
  "main": "index.js",
  "dependencies": {
    "faker": "^6.6.6",
    "firebase": "^9.9.0",
    "firebase-admin": "^10.0.2",
    "firebase-functions": "^3.18.0"
  },
  "devDependencies": {
    "eslint": "^8.9.0",
    "eslint-config-google": "^0.14.0",
    "firebase-functions-test": "^0.2.0"
  },
  "private": true
}
[debug] [2022-09-19T16:12:13.055Z] Building nodejs source
[debug] [2022-09-19T16:12:13.055Z] Analyzing nodejs backend spec
[debug] [2022-09-19T16:12:13.057Z] Could not find functions.yaml. Must use http discovery
